<?xml version="1.0" encoding="UTF-8"?>
<!-- Generated by org.testng.reporters.JUnitReportReporter -->
<testsuite hostname="DESKTOP-1TUF0TC" failures="0" tests="1" name="testNG.E_Cmrc" time="0.015" errors="0" timestamp="2023-11-22T16:48:30 IST" skipped="0">
  <testcase classname="testNG.E_Cmrc" name="amzn" time="0.015"/>
  <system-out/>
</testsuite> <!-- testNG.E_Cmrc -->
