<?xml version="1.0" encoding="UTF-8"?>
<!-- Generated by org.testng.reporters.JUnitReportReporter -->
<testsuite hostname="DESKTOP-1TUF0TC" failures="0" tests="1" name="Annotation.Study" time="0.006" errors="0" timestamp="2024-02-22T11:50:02 IST" skipped="0">
  <testcase classname="Annotation.Study" name="Coursera" time="0.006"/>
  <system-out/>
</testsuite> <!-- Annotation.Study -->
