<?xml version="1.0" encoding="UTF-8"?>
<!-- Generated by org.testng.reporters.JUnitReportReporter -->
<testsuite hostname="DESKTOP-1TUF0TC" failures="0" tests="2" name="testNG.New" time="0.013" errors="0" timestamp="2023-11-20T10:27:01 IST" skipped="0">
  <testcase classname="testNG.New" name="wp" time="0.009"/>
  <system-out/>
  <testcase classname="testNG.New" name="wp" time="0.004"/>
  <system-out/>
</testsuite> <!-- testNG.New -->
