<?xml version="1.0" encoding="UTF-8"?>
<!-- Generated by org.testng.reporters.JUnitReportReporter -->
<testsuite hostname="DESKTOP-1TUF0TC" failures="0" tests="4" name="HelperAttribute.Laptop" time="0.022" errors="0" timestamp="2024-02-24T20:21:04 IST" skipped="0">
  <testcase classname="HelperAttribute.Laptop" name="dell" time="0.015"/>
  <system-out/>
  <testcase classname="HelperAttribute.Laptop" name="zephyrus" time="0.002"/>
  <system-out/>
  <testcase classname="HelperAttribute.Laptop" name="ehp" time="0.004"/>
  <system-out/>
  <testcase classname="HelperAttribute.Laptop" name="acer" time="0.001"/>
  <system-out/>
</testsuite> <!-- HelperAttribute.Laptop -->
