<?xml version="1.0" encoding="UTF-8"?>
<!-- Generated by org.testng.reporters.JUnitReportReporter -->
<testsuite hostname="DESKTOP-1TUF0TC" failures="0" tests="3" name="IncludeExclude.Social" time="0.019" errors="0" timestamp="2024-02-22T23:06:31 IST" skipped="0">
  <testcase classname="IncludeExclude.Social" name="fb" time="0.013"/>
  <system-out/>
  <testcase classname="IncludeExclude.Social" name="insta" time="0.004"/>
  <system-out/>
  <testcase classname="IncludeExclude.Social" name="telegram" time="0.002"/>
  <system-out/>
</testsuite> <!-- IncludeExclude.Social -->
