<?xml version="1.0" encoding="UTF-8"?>
<!-- Generated by org.testng.reporters.JUnitReportReporter -->
<testsuite hostname="DESKTOP-1TUF0TC" failures="0" tests="2" name="testNG.Mail" time="0.007" errors="0" timestamp="2024-02-22T11:26:33 IST" skipped="0">
  <testcase classname="testNG.Mail" name="ongmail" time="0.002"/>
  <system-out/>
  <testcase classname="testNG.Mail" name="onyahoo" time="0.005"/>
  <system-out/>
</testsuite> <!-- testNG.Mail -->
