<?xml version="1.0" encoding="UTF-8"?>
<!-- Generated by org.testng.reporters.JUnitReportReporter -->
<testsuite hostname="DESKTOP-1TUF0TC" failures="0" tests="4" name="E_Cmrc" time="0.030" errors="0" timestamp="2023-11-14T08:44:22 IST" skipped="0">
  <testcase classname="E_Cmrc" name="myntra" time="0.003"/>
  <system-out/>
  <testcase classname="E_Cmrc" name="amzn" time="0.016"/>
  <system-out/>
  <testcase classname="E_Cmrc" name="ebay" time="0.004"/>
  <system-out/>
  <testcase classname="E_Cmrc" name="flipkrt" time="0.007"/>
  <system-out/>
</testsuite> <!-- E_Cmrc -->
