<?xml version="1.0" encoding="UTF-8"?>
<!-- Generated by org.testng.reporters.JUnitReportReporter -->
<testsuite hostname="DESKTOP-1TUF0TC" failures="0" tests="3" name="HelperAttribute.Example" time="0.018" errors="0" timestamp="2024-02-24T20:11:29 IST" skipped="1">
  <testcase classname="HelperAttribute.Example" name="ajio" time="0.014"/>
  <system-out/>
  <testcase classname="HelperAttribute.Example" name="snapdeal" time="0.004"/>
  <system-out/>
  <testcase classname="HelperAttribute.Example" name="ebay">
    <skipped/>
  </testcase> <!-- ebay -->
  <system-out/>
</testsuite> <!-- HelperAttribute.Example -->
