<?xml version="1.0" encoding="UTF-8"?>
<!-- Generated by org.testng.reporters.JUnitReportReporter -->
<testsuite hostname="DESKTOP-1TUF0TC" failures="0" tests="2" name="HelperAttribute.Social" time="0.018" errors="0" timestamp="2024-02-24T20:30:16 IST" skipped="0">
  <testcase classname="HelperAttribute.Social" name="emakemytrip" time="0.004"/>
  <system-out/>
  <testcase classname="HelperAttribute.Social" name="eexpedia" time="0.014"/>
  <system-out/>
</testsuite> <!-- HelperAttribute.Social -->
