<?xml version="1.0" encoding="UTF-8"?>
<!-- Generated by org.testng.reporters.JUnitReportReporter -->
<testsuite hostname="DESKTOP-1TUF0TC" failures="0" tests="2" name="New_Pro" time="0.012" errors="0" timestamp="2023-11-06T14:53:17 IST" skipped="0">
  <testcase classname="New_Pro" name="test" time="0.010"/>
  <system-out/>
  <testcase classname="New_Pro" name="testcase" time="0.002"/>
  <system-out/>
</testsuite> <!-- New_Pro -->
