<?xml version="1.0" encoding="UTF-8"?>
<!-- Generated by org.testng.reporters.JUnitReportReporter -->
<testsuite hostname="DESKTOP-1TUF0TC" failures="0" tests="3" name="Annotation.Shopping" time="0.022" errors="0" timestamp="2024-02-22T11:46:40 IST" skipped="0">
  <testcase classname="Annotation.Shopping" name="alibaba" time="0.011"/>
  <system-out/>
  <testcase classname="Annotation.Shopping" name="messho" time="0.006"/>
  <system-out/>
  <testcase classname="Annotation.Shopping" name="mart" time="0.005"/>
  <system-out/>
</testsuite> <!-- Annotation.Shopping -->
