<?xml version="1.0" encoding="UTF-8"?>
<!-- Generated by org.testng.reporters.JUnitReportReporter -->
<testsuite hostname="DESKTOP-1TUF0TC" failures="0" tests="3" name="IncludeExclude.Travel" time="0.026" errors="0" timestamp="2024-02-22T23:06:49 IST" skipped="0">
  <testcase classname="IncludeExclude.Travel" name="agoda" time="0.015"/>
  <system-out/>
  <testcase classname="IncludeExclude.Travel" name="expedia" time="0.008"/>
  <system-out/>
  <testcase classname="IncludeExclude.Travel" name="makemytrip" time="0.003"/>
  <system-out/>
</testsuite> <!-- IncludeExclude.Travel -->
