<?xml version="1.0" encoding="UTF-8"?>
<!-- Generated by org.testng.reporters.JUnitReportReporter -->
<testsuite hostname="DESKTOP-1TUF0TC" failures="0" tests="3" name="testNG.Pro" time="0.014" errors="0" timestamp="2023-11-20T10:11:07 IST" skipped="0">
  <testcase classname="testNG.Pro" name="errcheck" time="0.010"/>
  <system-out/>
  <testcase classname="testNG.Pro" name="errcheck" time="0.002"/>
  <system-out/>
  <testcase classname="testNG.Pro" name="errcheck" time="0.002"/>
  <system-out/>
</testsuite> <!-- testNG.Pro -->
