<?xml version="1.0" encoding="UTF-8"?>
<!-- Generated by org.testng.reporters.JUnitReportReporter -->
<testsuite hostname="DESKTOP-1TUF0TC" failures="0" tests="3" name="testNG.Pracc" time="0.017" errors="0" timestamp="2023-11-14T11:05:25 IST" skipped="0">
  <testcase classname="testNG.Pracc" name="hotmaill" time="0.002"/>
  <system-out/>
  <testcase classname="testNG.Pracc" name="hotmaill" time="0.004"/>
  <system-out/>
  <testcase classname="testNG.Pracc" name="gmail" time="0.011"/>
  <system-out/>
</testsuite> <!-- testNG.Pracc -->
