<?xml version="1.0" encoding="UTF-8"?>
<!-- Generated by org.testng.reporters.JUnitReportReporter -->
<testsuite hostname="DESKTOP-1TUF0TC" failures="0" tests="3" name="Annotation.Social" time="0.022" errors="0" timestamp="2024-02-22T11:46:40 IST" skipped="0">
  <testcase classname="Annotation.Social" name="insta" time="0.008"/>
  <system-out/>
  <testcase classname="Annotation.Social" name="fb" time="0.010"/>
  <system-out/>
  <testcase classname="Annotation.Social" name="telegram" time="0.004"/>
  <system-out/>
</testsuite> <!-- Annotation.Social -->
