<?xml version="1.0" encoding="UTF-8"?>
<!-- Generated by org.testng.reporters.JUnitReportReporter -->
<testsuite hostname="DESKTOP-1TUF0TC" failures="0" tests="3" name="Mail" time="0.006" errors="0" timestamp="2023-11-14T08:44:22 IST" skipped="0">
  <testcase classname="Mail" name="hotmaill" time="0.001"/>
  <system-out/>
  <testcase classname="Mail" name="yahoo" time="0.001"/>
  <system-out/>
  <testcase classname="Mail" name="gmail" time="0.004"/>
  <system-out/>
</testsuite> <!-- Mail -->
