<?xml version="1.0" encoding="UTF-8"?>
<!-- Generated by org.testng.reporters.JUnitReportReporter -->
<testsuite hostname="DESKTOP-1TUF0TC" failures="0" tests="3" name="HelperAttribute.Mob" time="0.015" errors="0" timestamp="2024-02-24T20:10:08 IST" skipped="0">
  <testcase classname="HelperAttribute.Mob" name="oneplus" time="0.011"/>
  <system-out/>
  <testcase classname="HelperAttribute.Mob" name="samsung" time="0.002"/>
  <system-out/>
  <testcase classname="HelperAttribute.Mob" name="apple" time="0.002"/>
  <system-out/>
</testsuite> <!-- HelperAttribute.Mob -->
