<?xml version="1.0" encoding="UTF-8"?>
<!-- Generated by org.testng.reporters.JUnitReportReporter -->
<testsuite hostname="DESKTOP-1TUF0TC" failures="0" tests="3" name="Parameter.Parametrization" time="0.018" errors="0" timestamp="2024-02-25T19:16:47 IST" skipped="0">
  <testcase classname="Parameter.Parametrization" name="travel" time="0.001"/>
  <system-out/>
  <testcase classname="Parameter.Parametrization" name="social" time="0.012"/>
  <system-out/>
  <testcase classname="Parameter.Parametrization" name="study" time="0.005"/>
  <system-out/>
</testsuite> <!-- Parameter.Parametrization -->
