<?xml version="1.0" encoding="UTF-8"?>
<!-- Generated by org.testng.reporters.JUnitReportReporter -->
<testsuite hostname="DESKTOP-1TUF0TC" failures="0" tests="1" name="testNG.Social_Media" time="0.002" errors="0" timestamp="2024-02-22T11:26:33 IST" skipped="0">
  <testcase classname="testNG.Social_Media" name="ontinder" time="0.002"/>
  <system-out/>
</testsuite> <!-- testNG.Social_Media -->
