<?xml version="1.0" encoding="UTF-8"?>
<!-- Generated by org.testng.reporters.JUnitReportReporter -->
<testsuite hostname="DESKTOP-1TUF0TC" failures="0" tests="4" name="testNG.Prac" time="0.048" errors="0" timestamp="2023-11-27T13:41:24 IST" skipped="0">
  <testcase classname="testNG.Prac" name="gmail" time="0.006"/>
  <system-out/>
  <testcase classname="testNG.Prac" name="amzn" time="0.023"/>
  <system-out/>
  <testcase classname="testNG.Prac" name="insta" time="0.014"/>
  <system-out/>
  <testcase classname="testNG.Prac" name="tinder" time="0.005"/>
  <system-out/>
</testsuite> <!-- testNG.Prac -->
