<?xml version="1.0" encoding="UTF-8"?>
<!-- Generated by org.testng.reporters.JUnitReportReporter -->
<testsuite hostname="DESKTOP-1TUF0TC" failures="0" tests="2" name="testNG.E_comm" time="0.018" errors="0" timestamp="2024-02-22T11:26:33 IST" skipped="0">
  <testcase classname="testNG.E_comm" name="onmyntra" time="0.004"/>
  <system-out/>
  <testcase classname="testNG.E_comm" name="onflipkart" time="0.014"/>
  <system-out/>
</testsuite> <!-- testNG.E_comm -->
