<?xml version="1.0" encoding="UTF-8"?>
<!-- Generated by org.testng.reporters.JUnitReportReporter -->
<testsuite hostname="DESKTOP-1TUF0TC" failures="0" tests="1" name="Framework.Parent" time="0.017" errors="0" timestamp="2024-02-07T17:42:22 IST" skipped="0">
  <testcase classname="Framework.Parent" name="demo" time="0.017"/>
  <system-out/>
</testsuite> <!-- Framework.Parent -->
