<?xml version="1.0" encoding="UTF-8"?>
<!-- Generated by org.testng.reporters.JUnitReportReporter -->
<testsuite hostname="DESKTOP-1TUF0TC" failures="0" tests="1" name="Framework.Child" time="0.024" errors="0" timestamp="2024-02-07T19:22:52 IST" skipped="0">
  <testcase classname="Framework.Child" name="sample" time="0.024"/>
  <system-out/>
</testsuite> <!-- Framework.Child -->
