<?xml version="1.0" encoding="UTF-8"?>
<!-- Generated by org.testng.reporters.JUnitReportReporter -->
<testsuite hostname="DESKTOP-1TUF0TC" failures="0" tests="3" name="xyz" time="6.299" errors="0" timestamp="2023-12-05T11:29:50 IST" skipped="0">
  <testcase classname="xyz" name="methodA" time="0.011"/>
  <system-out/>
  <testcase classname="xyz" name="methodB" time="0.004"/>
  <system-out/>
  <testcase classname="xyz" name="methodC" time="6.284"/>
  <system-out/>
</testsuite> <!-- xyz -->
